<?xml version="1.0" encoding="UTF-8"?>
<!-- Generated by org.testng.reporters.JUnitReportReporter -->
<testsuite hostname="NishantLaptop" failures="0" tests="2" name="test.com.itexps.CalculatorTest" time="0.003" errors="0" timestamp="5 Aug 2023 18:09:53 GMT">
  <testcase classname="test.com.itexps.CalculatorTest" name="testAdd" time="0.003"/>
  <testcase classname="test.com.itexps.CalculatorTest" name="testSub" time="0.000"/>
</testsuite> <!-- test.com.itexps.CalculatorTest -->
