<?xml version="1.0" encoding="UTF-8"?>
<!-- Generated by org.testng.reporters.JUnitReportReporter -->
<testsuite hostname="NishantLaptop" failures="0" tests="1" name="test.com.itexps.StudentTest" time="0.000" errors="0" timestamp="5 Aug 2023 18:29:36 GMT">
  <testcase classname="test.com.itexps.StudentTest" name="testGrade" time="0.000"/>
</testsuite> <!-- test.com.itexps.StudentTest -->
